The implementation is complete and meets all acceptance criteria:

## Summary

**US-58: PricingService Open Host Service** - Implementation Complete

### Acceptance Criteria Verification:

| Criteria | Status |
|----------|--------|
| `@OpenHostService` annotation | ✅ Applied with `context = "Pricing"` and `description` |
| `record PriceInfo(ProductId, Money currentPrice, Instant effectiveFrom)` | ✅ Defined as nested public record |
| `getPrices(Collection<ProductId>) returns Map<ProductId, PriceInfo>` | ✅ Implemented |
| `getPrice(ProductId) returns Optional<PriceInfo>` | ✅ Implemented |
| Delegates to `GetPricesForProductsUseCase` | ✅ Via `GetPricesForProductsInputPort` |

### Quality Gates:

| Gate | Status |
|------|--------|
| Code compiles | ✅ `BUILD SUCCESSFUL` |
| Unit tests pass | ✅ All pass |
| Architecture tests pass | ✅ All pass (including OHS placement rules) |

### Notes:
- The integration tests have pre-existing failures (missing `InventoryPort` bean) unrelated to this story
- The implementation follows the established `ProductCatalogService` OHS pattern exactly
- Located at: `pricing/adapter/incoming/openhost/PricingService.java`

<promise>STORY_COMPLETE</promise>
