All tasks are now completed. Let me provide a summary of the US-89 implementation:

## US-89 Implementation Complete ✓

**Summary of Changes:**

### Product Context (stock responsibility removed)
- Removed `ProductStock` value object
- Removed `stock` field from `Product` aggregate
- Removed stock-related methods: `updateStock()`, `increaseStock()`, `decreaseStock()`, `isAvailable()`, `hasStockFor()`
- Removed `ProductAvailabilitySpecification`
- Removed `ReduceProductStock` use case (4 files)
- Updated `ProductFactory` to emit `ProductCreated` event with `initialStock` for Inventory context
- Updated `CreateProductCommand` to make `stockQuantity` optional
- Updated result DTOs to remove stock fields

### ProductCatalogService (Open Host Service)
- Removed `availableStock` from `ProductInfo` record
- Removed `hasStock()` method entirely
- `ProductInfo` now only contains identity/description: `productId`, `name`, `sku`

### Cart Context
- Removed `ProductDataPort` interface (cleared file)
- Removed `ProductDataAdapter` (cleared file)
- Updated `AddItemToCartUseCase` to use only `ArticleDataPort`

### CompositeArticleDataAdapter
- Now uses `InventoryService` as the **single source of truth** for stock
- No fallback to `ProductCatalogService` for stock data

### Data Initialization
- Updated `SampleDataInitializer` to create `StockLevel` entries directly
- Removed `ProductCatalogService` dependency from `InMemoryStockLevelRepository`

### All Acceptance Criteria Met:
- ✅ ProductStock value object removed
- ✅ Stock field removed from Product aggregate
- ✅ stockQuantity removed from ProductCatalogService.ProductInfo
- ✅ hasStock() method removed from ProductCatalogService
- ✅ ProductDataPort removed from Cart context
- ✅ ProductDataAdapter removed from Cart context
- ✅ AddItemToCartUseCase uses only ArticleDataPort
- ✅ CompositeArticleDataAdapter uses InventoryService for stock
- ✅ CreateProductCommand updated (stockQuantity optional)
- ✅ CreateProductUseCase updated
- ✅ Build passes: `./gradlew build` ✓

<promise>STORY_COMPLETE</promise>
