All acceptance criteria for US-88 have been verified:

## Summary - US-88: Remove Deprecated Price from Product Context

### Acceptance Criteria Verification:

| Criteria | Status |
|----------|--------|
| ✅ Remove price field from Product aggregate | Done - no price field in Product.java |
| ✅ Remove deprecated price() method from Product | Done - no price() method exists |
| ✅ Remove deprecated changePrice() method from Product | Done - no changePrice() method exists |
| ✅ Remove ProductPriceChanged domain event from Product context | Done - file deleted |
| ✅ Remove deprecated ProductInfoWithPrice record from ProductCatalogService | Done - not present |
| ✅ Remove deprecated getAllProductsWithInitialPrice() method from ProductCatalogService | Done - not present |
| ✅ Remove transition fallbacks from CompositeArticleDataAdapter | Done - only uses proper OHS delegation |
| ✅ Remove transition fallbacks from CompositeCheckoutArticleDataAdapter | Done - only uses proper OHS delegation |
| ✅ Update CreateProductUseCase to not set price | Done - initialPrice used only for ProductCreated event (proper design) |
| ✅ Remove or update UpdateProductPriceUseCase | Done - source files deleted |
| ✅ All tests pass after removal | Done - `./gradlew build` and `./gradlew test-architecture` both succeed |

### Changes Made in Previous Iterations (verified in git status):

- **Deleted**: `UpdateProductPriceCommand.java`, `UpdateProductPriceInputPort.java`, `UpdateProductPriceResult.java`, `UpdateProductPriceUseCase.java`
- **Deleted**: `ProductPriceChanged.java`
- **Deleted**: `SampleDataInitializer.java`
- **Modified**: Product.java (removed price field/methods)
- **Modified**: ProductFactory.java (simplified, passes initialPrice to event only)
- **Modified**: ProductCatalogService.java (cleaned up)
- **Modified**: CompositeArticleDataAdapter.java (removed fallbacks)
- **Modified**: CompositeCheckoutArticleDataAdapter.java (removed fallbacks)
- **Modified**: CreateProductUseCase.java (uses initialPrice for event only)

The pricing migration is complete. The Product context no longer stores or manages pricing - it only passes the initial price through the ProductCreated event to the Pricing bounded context.

<promise>STORY_COMPLETE</promise>
